<?xml version="1.0" encoding="UTF-8"?>
<testsuite xmlns:xsi="http://www.w3.org/2001/XMLSchema-instance" xsi:noNamespaceSchemaLocation="https://maven.apache.org/surefire/maven-surefire-plugin/xsd/surefire-test-report.xsd" name="itri.n300.aml.AppTest" time="0.051" tests="1" errors="0" skipped="0" failures="0">
  <properties>
    <property name="gopherProxySet" value="false"/>
    <property name="awt.toolkit" value="sun.lwawt.macosx.LWCToolkit"/>
    <property name="file.encoding.pkg" value="sun.io"/>
    <property name="java.specification.version" value="1.8"/>
    <property name="sun.cpu.isalist" value=""/>
    <property name="sun.jnu.encoding" value="UTF-8"/>
    <property name="java.class.path" value="/Users/abaca/Documents/n300/target/test-classes:/Users/abaca/Documents/n300/target/classes:/Users/abaca/.m2/repository/junit/junit/4.11/junit-4.11.jar:/Users/abaca/.m2/repository/org/hamcrest/hamcrest-core/1.3/hamcrest-core-1.3.jar:/Users/abaca/.m2/repository/org/apache/lucene/lucene-core/7.6.0/lucene-core-7.6.0.jar:/Users/abaca/.m2/repository/org/apache/lucene/lucene-analyzers-common/7.6.0/lucene-analyzers-common-7.6.0.jar:/Users/abaca/.m2/repository/org/apache/lucene/lucene-queryparser/7.6.0/lucene-queryparser-7.6.0.jar:/Users/abaca/.m2/repository/org/apache/lucene/lucene-sandbox/7.6.0/lucene-sandbox-7.6.0.jar:/Users/abaca/.m2/repository/org/apache/lucene/lucene-analyzers-smartcn/7.6.0/lucene-analyzers-smartcn-7.6.0.jar:/Users/abaca/.m2/repository/org/apache/lucene/lucene-memory/7.6.0/lucene-memory-7.6.0.jar:/Users/abaca/.m2/repository/org/apache/lucene/lucene-queries/7.6.0/lucene-queries-7.6.0.jar:/Users/abaca/.m2/repository/org/apache/tika/tika-app/1.19.1/tika-app-1.19.1.jar:/Users/abaca/.m2/repository/org/apache/tika/tika-parsers/1.19.1/tika-parsers-1.19.1.jar:/Users/abaca/.m2/repository/org/apache/tika/tika-core/1.19.1/tika-core-1.19.1.jar:/Users/abaca/.m2/repository/org/glassfish/jaxb/jaxb-core/2.3.0.1/jaxb-core-2.3.0.1.jar:/Users/abaca/.m2/repository/javax/xml/bind/jaxb-api/2.3.0/jaxb-api-2.3.0.jar:/Users/abaca/.m2/repository/org/glassfish/jaxb/txw2/2.3.0.1/txw2-2.3.0.1.jar:/Users/abaca/.m2/repository/com/sun/istack/istack-commons-runtime/3.0.5/istack-commons-runtime-3.0.5.jar:/Users/abaca/.m2/repository/org/glassfish/jaxb/jaxb-runtime/2.3.0.1/jaxb-runtime-2.3.0.1.jar:/Users/abaca/.m2/repository/org/jvnet/staxex/stax-ex/1.7.8/stax-ex-1.7.8.jar:/Users/abaca/.m2/repository/com/sun/xml/fastinfoset/FastInfoset/1.2.13/FastInfoset-1.2.13.jar:/Users/abaca/.m2/repository/javax/activation/activation/1.1.1/activation-1.1.1.jar:/Users/abaca/.m2/repository/org/gagravarr/vorbis-java-tika/0.8/vorbis-java-tika-0.8.jar:/Users/abaca/.m2/repository/com/healthmarketscience/jackcess/jackcess/2.1.12/jackcess-2.1.12.jar:/Users/abaca/.m2/repository/commons-lang/commons-lang/2.6/commons-lang-2.6.jar:/Users/abaca/.m2/repository/com/healthmarketscience/jackcess/jackcess-encrypt/2.1.4/jackcess-encrypt-2.1.4.jar:/Users/abaca/.m2/repository/org/tallison/jmatio/1.5/jmatio-1.5.jar:/Users/abaca/.m2/repository/org/apache/james/apache-mime4j-core/0.8.2/apache-mime4j-core-0.8.2.jar:/Users/abaca/.m2/repository/org/apache/james/apache-mime4j-dom/0.8.2/apache-mime4j-dom-0.8.2.jar:/Users/abaca/.m2/repository/org/apache/commons/commons-compress/1.18/commons-compress-1.18.jar:/Users/abaca/.m2/repository/org/tukaani/xz/1.8/xz-1.8.jar:/Users/abaca/.m2/repository/com/epam/parso/2.0.9/parso-2.0.9.jar:/Users/abaca/.m2/repository/org/brotli/dec/0.1.2/dec-0.1.2.jar:/Users/abaca/.m2/repository/commons-codec/commons-codec/1.11/commons-codec-1.11.jar:/Users/abaca/.m2/repository/org/apache/pdfbox/pdfbox/2.0.12/pdfbox-2.0.12.jar:/Users/abaca/.m2/repository/org/apache/pdfbox/fontbox/2.0.12/fontbox-2.0.12.jar:/Users/abaca/.m2/repository/org/apache/pdfbox/pdfbox-tools/2.0.12/pdfbox-tools-2.0.12.jar:/Users/abaca/.m2/repository/org/apache/pdfbox/jempbox/1.8.16/jempbox-1.8.16.jar:/Users/abaca/.m2/repository/org/bouncycastle/bcmail-jdk15on/1.60/bcmail-jdk15on-1.60.jar:/Users/abaca/.m2/repository/org/bouncycastle/bcpkix-jdk15on/1.60/bcpkix-jdk15on-1.60.jar:/Users/abaca/.m2/repository/org/bouncycastle/bcprov-jdk15on/1.60/bcprov-jdk15on-1.60.jar:/Users/abaca/.m2/repository/org/apache/poi/poi/4.0.0/poi-4.0.0.jar:/Users/abaca/.m2/repository/org/apache/commons/commons-collections4/4.2/commons-collections4-4.2.jar:/Users/abaca/.m2/repository/org/apache/poi/poi-scratchpad/4.0.0/poi-scratchpad-4.0.0.jar:/Users/abaca/.m2/repository/org/apache/poi/poi-ooxml/4.0.0/poi-ooxml-4.0.0.jar:/Users/abaca/.m2/repository/org/apache/poi/poi-ooxml-schemas/4.0.0/poi-ooxml-schemas-4.0.0.jar:/Users/abaca/.m2/repository/org/apache/xmlbeans/xmlbeans/3.0.1/xmlbeans-3.0.1.jar:/Users/abaca/.m2/repository/com/github/virtuald/curvesapi/1.04/curvesapi-1.04.jar:/Users/abaca/.m2/repository/org/ccil/cowan/tagsoup/tagsoup/1.2.1/tagsoup-1.2.1.jar:/Users/abaca/.m2/repository/org/ow2/asm/asm/6.2/asm-6.2.jar:/Users/abaca/.m2/repository/com/googlecode/mp4parser/isoparser/1.1.22/isoparser-1.1.22.jar:/Users/abaca/.m2/repository/com/drewnoakes/metadata-extractor/2.11.0/metadata-extractor-2.11.0.jar:/Users/abaca/.m2/repository/de/l3s/boilerpipe/boilerpipe/1.1.0/boilerpipe-1.1.0.jar:/Users/abaca/.m2/repository/com/rometools/rome/1.5.1/rome-1.5.1.jar:/Users/abaca/.m2/repository/com/rometools/rome-utils/1.5.1/rome-utils-1.5.1.jar:/Users/abaca/.m2/repository/org/gagravarr/vorbis-java-core/0.8/vorbis-java-core-0.8.jar:/Users/abaca/.m2/repository/com/googlecode/juniversalchardet/juniversalchardet/1.0.3/juniversalchardet-1.0.3.jar:/Users/abaca/.m2/repository/org/codelibs/jhighlight/1.0.3/jhighlight-1.0.3.jar:/Users/abaca/.m2/repository/com/pff/java-libpst/0.8.1/java-libpst-0.8.1.jar:/Users/abaca/.m2/repository/com/github/junrar/junrar/2.0.0/junrar-2.0.0.jar:/Users/abaca/.m2/repository/org/apache/cxf/cxf-rt-rs-client/3.2.6/cxf-rt-rs-client-3.2.6.jar:/Users/abaca/.m2/repository/org/apache/cxf/cxf-rt-transports-http/3.2.6/cxf-rt-transports-http-3.2.6.jar:/Users/abaca/.m2/repository/org/apache/cxf/cxf-core/3.2.6/cxf-core-3.2.6.jar:/Users/abaca/.m2/repository/com/fasterxml/woodstox/woodstox-core/5.1.0/woodstox-core-5.1.0.jar:/Users/abaca/.m2/repository/org/codehaus/woodstox/stax2-api/4.1/stax2-api-4.1.jar:/Users/abaca/.m2/repository/org/apache/ws/xmlschema/xmlschema-core/2.2.3/xmlschema-core-2.2.3.jar:/Users/abaca/.m2/repository/org/apache/cxf/cxf-rt-frontend-jaxrs/3.2.6/cxf-rt-frontend-jaxrs-3.2.6.jar:/Users/abaca/.m2/repository/javax/ws/rs/javax.ws.rs-api/2.1/javax.ws.rs-api-2.1.jar:/Users/abaca/.m2/repository/javax/annotation/javax.annotation-api/1.3/javax.annotation-api-1.3.jar:/Users/abaca/.m2/repository/org/apache/commons/commons-exec/1.3/commons-exec-1.3.jar:/Users/abaca/.m2/repository/org/apache/opennlp/opennlp-tools/1.9.0/opennlp-tools-1.9.0.jar:/Users/abaca/.m2/repository/com/googlecode/json-simple/json-simple/1.1.1/json-simple-1.1.1.jar:/Users/abaca/.m2/repository/com/github/openjson/openjson/1.0.10/openjson-1.0.10.jar:/Users/abaca/.m2/repository/com/google/code/gson/gson/2.8.5/gson-2.8.5.jar:/Users/abaca/.m2/repository/org/slf4j/slf4j-api/1.7.25/slf4j-api-1.7.25.jar:/Users/abaca/.m2/repository/edu/ucar/netcdf4/4.5.5/netcdf4-4.5.5.jar:/Users/abaca/.m2/repository/net/jcip/jcip-annotations/1.0/jcip-annotations-1.0.jar:/Users/abaca/.m2/repository/edu/ucar/grib/4.5.5/grib-4.5.5.jar:/Users/abaca/.m2/repository/com/google/protobuf/protobuf-java/2.5.0/protobuf-java-2.5.0.jar:/Users/abaca/.m2/repository/org/itadaki/bzip2/0.9.1/bzip2-0.9.1.jar:/Users/abaca/.m2/repository/net/java/dev/jna/jna/4.3.0/jna-4.3.0.jar:/Users/abaca/.m2/repository/org/jsoup/jsoup/1.11.3/jsoup-1.11.3.jar:/Users/abaca/.m2/repository/edu/ucar/cdm/4.5.5/cdm-4.5.5.jar:/Users/abaca/.m2/repository/edu/ucar/udunits/4.5.5/udunits-4.5.5.jar:/Users/abaca/.m2/repository/joda-time/joda-time/2.2/joda-time-2.2.jar:/Users/abaca/.m2/repository/org/quartz-scheduler/quartz/2.2.0/quartz-2.2.0.jar:/Users/abaca/.m2/repository/c3p0/c3p0/0.9.1.1/c3p0-0.9.1.1.jar:/Users/abaca/.m2/repository/net/sf/ehcache/ehcache-core/2.6.2/ehcache-core-2.6.2.jar:/Users/abaca/.m2/repository/com/beust/jcommander/1.35/jcommander-1.35.jar:/Users/abaca/.m2/repository/edu/ucar/httpservices/4.5.5/httpservices-4.5.5.jar:/Users/abaca/.m2/repository/org/apache/httpcomponents/httpclient/4.5.6/httpclient-4.5.6.jar:/Users/abaca/.m2/repository/org/apache/httpcomponents/httpcore/4.4.10/httpcore-4.4.10.jar:/Users/abaca/.m2/repository/org/apache/httpcomponents/httpmime/4.5.6/httpmime-4.5.6.jar:/Users/abaca/.m2/repository/org/apache/commons/commons-csv/1.5/commons-csv-1.5.jar:/Users/abaca/.m2/repository/org/apache/sis/core/sis-utility/0.8/sis-utility-0.8.jar:/Users/abaca/.m2/repository/javax/measure/unit-api/1.0/unit-api-1.0.jar:/Users/abaca/.m2/repository/org/apache/sis/storage/sis-netcdf/0.8/sis-netcdf-0.8.jar:/Users/abaca/.m2/repository/org/apache/sis/storage/sis-storage/0.8/sis-storage-0.8.jar:/Users/abaca/.m2/repository/org/apache/sis/core/sis-feature/0.8/sis-feature-0.8.jar:/Users/abaca/.m2/repository/org/apache/sis/core/sis-referencing/0.8/sis-referencing-0.8.jar:/Users/abaca/.m2/repository/org/apache/sis/core/sis-metadata/0.8/sis-metadata-0.8.jar:/Users/abaca/.m2/repository/org/opengis/geoapi/3.0.1/geoapi-3.0.1.jar:/Users/abaca/.m2/repository/edu/usc/ir/sentiment-analysis-parser/0.1/sentiment-analysis-parser-0.1.jar:/Users/abaca/.m2/repository/org/apache/uima/uimafit-core/2.2.0/uimafit-core-2.2.0.jar:/Users/abaca/.m2/repository/org/apache/uima/uimaj-core/2.9.0/uimaj-core-2.9.0.jar:/Users/abaca/.m2/repository/org/jdom/jdom2/2.0.6/jdom2-2.0.6.jar:/Users/abaca/.m2/repository/com/fasterxml/jackson/core/jackson-core/2.9.6/jackson-core-2.9.6.jar:/Users/abaca/.m2/repository/com/fasterxml/jackson/core/jackson-databind/2.9.6/jackson-databind-2.9.6.jar:/Users/abaca/.m2/repository/com/fasterxml/jackson/core/jackson-annotations/2.9.6/jackson-annotations-2.9.6.jar:/Users/abaca/.m2/repository/org/apache/pdfbox/jbig2-imageio/3.0.2/jbig2-imageio-3.0.2.jar:/Users/abaca/.m2/repository/com/github/jai-imageio/jai-imageio-core/1.4.0/jai-imageio-core-1.4.0.jar:/Users/abaca/.m2/repository/org/apache/tika/tika-langdetect/1.19.1/tika-langdetect-1.19.1.jar:/Users/abaca/.m2/repository/com/optimaize/languagedetector/language-detector/0.6/language-detector-0.6.jar:/Users/abaca/.m2/repository/net/arnx/jsonic/1.2.11/jsonic-1.2.11.jar:/Users/abaca/.m2/repository/com/intellij/annotations/12.0/annotations-12.0.jar:/Users/abaca/.m2/repository/com/google/guava/guava/17.0/guava-17.0.jar:/Users/abaca/.m2/repository/org/apache/tika/tika-serialization/1.19.1/tika-serialization-1.19.1.jar:/Users/abaca/.m2/repository/org/apache/tika/tika-xmp/1.19.1/tika-xmp-1.19.1.jar:/Users/abaca/.m2/repository/com/adobe/xmp/xmpcore/5.1.3/xmpcore-5.1.3.jar:/Users/abaca/.m2/repository/org/apache/tika/tika-batch/1.19.1/tika-batch-1.19.1.jar:/Users/abaca/.m2/repository/org/slf4j/slf4j-log4j12/1.7.25/slf4j-log4j12-1.7.25.jar:/Users/abaca/.m2/repository/log4j/log4j/1.2.17/log4j-1.2.17.jar:/Users/abaca/.m2/repository/org/slf4j/jcl-over-slf4j/1.7.25/jcl-over-slf4j-1.7.25.jar:/Users/abaca/.m2/repository/org/slf4j/jul-to-slf4j/1.7.25/jul-to-slf4j-1.7.25.jar:/Users/abaca/.m2/repository/commons-io/commons-io/2.6/commons-io-2.6.jar:/Users/abaca/.m2/repository/org/xerial/sqlite-jdbc/3.8.9/sqlite-jdbc-3.8.9.jar:/Users/abaca/.m2/repository/commons-cli/commons-cli/1.4/commons-cli-1.4.jar:"/>
    <property name="java.vm.vendor" value="Oracle Corporation"/>
    <property name="sun.arch.data.model" value="64"/>
    <property name="java.vendor.url" value="http://java.oracle.com/"/>
    <property name="user.timezone" value=""/>
    <property name="java.vm.specification.version" value="1.8"/>
    <property name="os.name" value="Mac OS X"/>
    <property name="user.country" value="TW"/>
    <property name="sun.java.launcher" value="SUN_STANDARD"/>
    <property name="sun.boot.library.path" value="/Library/Java/JavaVirtualMachines/jdk1.8.0_181.jdk/Contents/Home/jre/lib"/>
    <property name="sun.java.command" value="/Users/abaca/Documents/n300/target/surefire/surefirebooter5209529180063063126.jar /Users/abaca/Documents/n300/target/surefire 2019-01-04T14-08-17_083-jvmRun1 surefire2721961958045361242tmp surefire_03713890615255801612tmp"/>
    <property name="http.nonProxyHosts" value="local|*.local|169.254/16|*.169.254/16"/>
    <property name="surefire.test.class.path" value="/Users/abaca/Documents/n300/target/test-classes:/Users/abaca/Documents/n300/target/classes:/Users/abaca/.m2/repository/junit/junit/4.11/junit-4.11.jar:/Users/abaca/.m2/repository/org/hamcrest/hamcrest-core/1.3/hamcrest-core-1.3.jar:/Users/abaca/.m2/repository/org/apache/lucene/lucene-core/7.6.0/lucene-core-7.6.0.jar:/Users/abaca/.m2/repository/org/apache/lucene/lucene-analyzers-common/7.6.0/lucene-analyzers-common-7.6.0.jar:/Users/abaca/.m2/repository/org/apache/lucene/lucene-queryparser/7.6.0/lucene-queryparser-7.6.0.jar:/Users/abaca/.m2/repository/org/apache/lucene/lucene-sandbox/7.6.0/lucene-sandbox-7.6.0.jar:/Users/abaca/.m2/repository/org/apache/lucene/lucene-analyzers-smartcn/7.6.0/lucene-analyzers-smartcn-7.6.0.jar:/Users/abaca/.m2/repository/org/apache/lucene/lucene-memory/7.6.0/lucene-memory-7.6.0.jar:/Users/abaca/.m2/repository/org/apache/lucene/lucene-queries/7.6.0/lucene-queries-7.6.0.jar:/Users/abaca/.m2/repository/org/apache/tika/tika-app/1.19.1/tika-app-1.19.1.jar:/Users/abaca/.m2/repository/org/apache/tika/tika-parsers/1.19.1/tika-parsers-1.19.1.jar:/Users/abaca/.m2/repository/org/apache/tika/tika-core/1.19.1/tika-core-1.19.1.jar:/Users/abaca/.m2/repository/org/glassfish/jaxb/jaxb-core/2.3.0.1/jaxb-core-2.3.0.1.jar:/Users/abaca/.m2/repository/javax/xml/bind/jaxb-api/2.3.0/jaxb-api-2.3.0.jar:/Users/abaca/.m2/repository/org/glassfish/jaxb/txw2/2.3.0.1/txw2-2.3.0.1.jar:/Users/abaca/.m2/repository/com/sun/istack/istack-commons-runtime/3.0.5/istack-commons-runtime-3.0.5.jar:/Users/abaca/.m2/repository/org/glassfish/jaxb/jaxb-runtime/2.3.0.1/jaxb-runtime-2.3.0.1.jar:/Users/abaca/.m2/repository/org/jvnet/staxex/stax-ex/1.7.8/stax-ex-1.7.8.jar:/Users/abaca/.m2/repository/com/sun/xml/fastinfoset/FastInfoset/1.2.13/FastInfoset-1.2.13.jar:/Users/abaca/.m2/repository/javax/activation/activation/1.1.1/activation-1.1.1.jar:/Users/abaca/.m2/repository/org/gagravarr/vorbis-java-tika/0.8/vorbis-java-tika-0.8.jar:/Users/abaca/.m2/repository/com/healthmarketscience/jackcess/jackcess/2.1.12/jackcess-2.1.12.jar:/Users/abaca/.m2/repository/commons-lang/commons-lang/2.6/commons-lang-2.6.jar:/Users/abaca/.m2/repository/com/healthmarketscience/jackcess/jackcess-encrypt/2.1.4/jackcess-encrypt-2.1.4.jar:/Users/abaca/.m2/repository/org/tallison/jmatio/1.5/jmatio-1.5.jar:/Users/abaca/.m2/repository/org/apache/james/apache-mime4j-core/0.8.2/apache-mime4j-core-0.8.2.jar:/Users/abaca/.m2/repository/org/apache/james/apache-mime4j-dom/0.8.2/apache-mime4j-dom-0.8.2.jar:/Users/abaca/.m2/repository/org/apache/commons/commons-compress/1.18/commons-compress-1.18.jar:/Users/abaca/.m2/repository/org/tukaani/xz/1.8/xz-1.8.jar:/Users/abaca/.m2/repository/com/epam/parso/2.0.9/parso-2.0.9.jar:/Users/abaca/.m2/repository/org/brotli/dec/0.1.2/dec-0.1.2.jar:/Users/abaca/.m2/repository/commons-codec/commons-codec/1.11/commons-codec-1.11.jar:/Users/abaca/.m2/repository/org/apache/pdfbox/pdfbox/2.0.12/pdfbox-2.0.12.jar:/Users/abaca/.m2/repository/org/apache/pdfbox/fontbox/2.0.12/fontbox-2.0.12.jar:/Users/abaca/.m2/repository/org/apache/pdfbox/pdfbox-tools/2.0.12/pdfbox-tools-2.0.12.jar:/Users/abaca/.m2/repository/org/apache/pdfbox/jempbox/1.8.16/jempbox-1.8.16.jar:/Users/abaca/.m2/repository/org/bouncycastle/bcmail-jdk15on/1.60/bcmail-jdk15on-1.60.jar:/Users/abaca/.m2/repository/org/bouncycastle/bcpkix-jdk15on/1.60/bcpkix-jdk15on-1.60.jar:/Users/abaca/.m2/repository/org/bouncycastle/bcprov-jdk15on/1.60/bcprov-jdk15on-1.60.jar:/Users/abaca/.m2/repository/org/apache/poi/poi/4.0.0/poi-4.0.0.jar:/Users/abaca/.m2/repository/org/apache/commons/commons-collections4/4.2/commons-collections4-4.2.jar:/Users/abaca/.m2/repository/org/apache/poi/poi-scratchpad/4.0.0/poi-scratchpad-4.0.0.jar:/Users/abaca/.m2/repository/org/apache/poi/poi-ooxml/4.0.0/poi-ooxml-4.0.0.jar:/Users/abaca/.m2/repository/org/apache/poi/poi-ooxml-schemas/4.0.0/poi-ooxml-schemas-4.0.0.jar:/Users/abaca/.m2/repository/org/apache/xmlbeans/xmlbeans/3.0.1/xmlbeans-3.0.1.jar:/Users/abaca/.m2/repository/com/github/virtuald/curvesapi/1.04/curvesapi-1.04.jar:/Users/abaca/.m2/repository/org/ccil/cowan/tagsoup/tagsoup/1.2.1/tagsoup-1.2.1.jar:/Users/abaca/.m2/repository/org/ow2/asm/asm/6.2/asm-6.2.jar:/Users/abaca/.m2/repository/com/googlecode/mp4parser/isoparser/1.1.22/isoparser-1.1.22.jar:/Users/abaca/.m2/repository/com/drewnoakes/metadata-extractor/2.11.0/metadata-extractor-2.11.0.jar:/Users/abaca/.m2/repository/de/l3s/boilerpipe/boilerpipe/1.1.0/boilerpipe-1.1.0.jar:/Users/abaca/.m2/repository/com/rometools/rome/1.5.1/rome-1.5.1.jar:/Users/abaca/.m2/repository/com/rometools/rome-utils/1.5.1/rome-utils-1.5.1.jar:/Users/abaca/.m2/repository/org/gagravarr/vorbis-java-core/0.8/vorbis-java-core-0.8.jar:/Users/abaca/.m2/repository/com/googlecode/juniversalchardet/juniversalchardet/1.0.3/juniversalchardet-1.0.3.jar:/Users/abaca/.m2/repository/org/codelibs/jhighlight/1.0.3/jhighlight-1.0.3.jar:/Users/abaca/.m2/repository/com/pff/java-libpst/0.8.1/java-libpst-0.8.1.jar:/Users/abaca/.m2/repository/com/github/junrar/junrar/2.0.0/junrar-2.0.0.jar:/Users/abaca/.m2/repository/org/apache/cxf/cxf-rt-rs-client/3.2.6/cxf-rt-rs-client-3.2.6.jar:/Users/abaca/.m2/repository/org/apache/cxf/cxf-rt-transports-http/3.2.6/cxf-rt-transports-http-3.2.6.jar:/Users/abaca/.m2/repository/org/apache/cxf/cxf-core/3.2.6/cxf-core-3.2.6.jar:/Users/abaca/.m2/repository/com/fasterxml/woodstox/woodstox-core/5.1.0/woodstox-core-5.1.0.jar:/Users/abaca/.m2/repository/org/codehaus/woodstox/stax2-api/4.1/stax2-api-4.1.jar:/Users/abaca/.m2/repository/org/apache/ws/xmlschema/xmlschema-core/2.2.3/xmlschema-core-2.2.3.jar:/Users/abaca/.m2/repository/org/apache/cxf/cxf-rt-frontend-jaxrs/3.2.6/cxf-rt-frontend-jaxrs-3.2.6.jar:/Users/abaca/.m2/repository/javax/ws/rs/javax.ws.rs-api/2.1/javax.ws.rs-api-2.1.jar:/Users/abaca/.m2/repository/javax/annotation/javax.annotation-api/1.3/javax.annotation-api-1.3.jar:/Users/abaca/.m2/repository/org/apache/commons/commons-exec/1.3/commons-exec-1.3.jar:/Users/abaca/.m2/repository/org/apache/opennlp/opennlp-tools/1.9.0/opennlp-tools-1.9.0.jar:/Users/abaca/.m2/repository/com/googlecode/json-simple/json-simple/1.1.1/json-simple-1.1.1.jar:/Users/abaca/.m2/repository/com/github/openjson/openjson/1.0.10/openjson-1.0.10.jar:/Users/abaca/.m2/repository/com/google/code/gson/gson/2.8.5/gson-2.8.5.jar:/Users/abaca/.m2/repository/org/slf4j/slf4j-api/1.7.25/slf4j-api-1.7.25.jar:/Users/abaca/.m2/repository/edu/ucar/netcdf4/4.5.5/netcdf4-4.5.5.jar:/Users/abaca/.m2/repository/net/jcip/jcip-annotations/1.0/jcip-annotations-1.0.jar:/Users/abaca/.m2/repository/edu/ucar/grib/4.5.5/grib-4.5.5.jar:/Users/abaca/.m2/repository/com/google/protobuf/protobuf-java/2.5.0/protobuf-java-2.5.0.jar:/Users/abaca/.m2/repository/org/itadaki/bzip2/0.9.1/bzip2-0.9.1.jar:/Users/abaca/.m2/repository/net/java/dev/jna/jna/4.3.0/jna-4.3.0.jar:/Users/abaca/.m2/repository/org/jsoup/jsoup/1.11.3/jsoup-1.11.3.jar:/Users/abaca/.m2/repository/edu/ucar/cdm/4.5.5/cdm-4.5.5.jar:/Users/abaca/.m2/repository/edu/ucar/udunits/4.5.5/udunits-4.5.5.jar:/Users/abaca/.m2/repository/joda-time/joda-time/2.2/joda-time-2.2.jar:/Users/abaca/.m2/repository/org/quartz-scheduler/quartz/2.2.0/quartz-2.2.0.jar:/Users/abaca/.m2/repository/c3p0/c3p0/0.9.1.1/c3p0-0.9.1.1.jar:/Users/abaca/.m2/repository/net/sf/ehcache/ehcache-core/2.6.2/ehcache-core-2.6.2.jar:/Users/abaca/.m2/repository/com/beust/jcommander/1.35/jcommander-1.35.jar:/Users/abaca/.m2/repository/edu/ucar/httpservices/4.5.5/httpservices-4.5.5.jar:/Users/abaca/.m2/repository/org/apache/httpcomponents/httpclient/4.5.6/httpclient-4.5.6.jar:/Users/abaca/.m2/repository/org/apache/httpcomponents/httpcore/4.4.10/httpcore-4.4.10.jar:/Users/abaca/.m2/repository/org/apache/httpcomponents/httpmime/4.5.6/httpmime-4.5.6.jar:/Users/abaca/.m2/repository/org/apache/commons/commons-csv/1.5/commons-csv-1.5.jar:/Users/abaca/.m2/repository/org/apache/sis/core/sis-utility/0.8/sis-utility-0.8.jar:/Users/abaca/.m2/repository/javax/measure/unit-api/1.0/unit-api-1.0.jar:/Users/abaca/.m2/repository/org/apache/sis/storage/sis-netcdf/0.8/sis-netcdf-0.8.jar:/Users/abaca/.m2/repository/org/apache/sis/storage/sis-storage/0.8/sis-storage-0.8.jar:/Users/abaca/.m2/repository/org/apache/sis/core/sis-feature/0.8/sis-feature-0.8.jar:/Users/abaca/.m2/repository/org/apache/sis/core/sis-referencing/0.8/sis-referencing-0.8.jar:/Users/abaca/.m2/repository/org/apache/sis/core/sis-metadata/0.8/sis-metadata-0.8.jar:/Users/abaca/.m2/repository/org/opengis/geoapi/3.0.1/geoapi-3.0.1.jar:/Users/abaca/.m2/repository/edu/usc/ir/sentiment-analysis-parser/0.1/sentiment-analysis-parser-0.1.jar:/Users/abaca/.m2/repository/org/apache/uima/uimafit-core/2.2.0/uimafit-core-2.2.0.jar:/Users/abaca/.m2/repository/org/apache/uima/uimaj-core/2.9.0/uimaj-core-2.9.0.jar:/Users/abaca/.m2/repository/org/jdom/jdom2/2.0.6/jdom2-2.0.6.jar:/Users/abaca/.m2/repository/com/fasterxml/jackson/core/jackson-core/2.9.6/jackson-core-2.9.6.jar:/Users/abaca/.m2/repository/com/fasterxml/jackson/core/jackson-databind/2.9.6/jackson-databind-2.9.6.jar:/Users/abaca/.m2/repository/com/fasterxml/jackson/core/jackson-annotations/2.9.6/jackson-annotations-2.9.6.jar:/Users/abaca/.m2/repository/org/apache/pdfbox/jbig2-imageio/3.0.2/jbig2-imageio-3.0.2.jar:/Users/abaca/.m2/repository/com/github/jai-imageio/jai-imageio-core/1.4.0/jai-imageio-core-1.4.0.jar:/Users/abaca/.m2/repository/org/apache/tika/tika-langdetect/1.19.1/tika-langdetect-1.19.1.jar:/Users/abaca/.m2/repository/com/optimaize/languagedetector/language-detector/0.6/language-detector-0.6.jar:/Users/abaca/.m2/repository/net/arnx/jsonic/1.2.11/jsonic-1.2.11.jar:/Users/abaca/.m2/repository/com/intellij/annotations/12.0/annotations-12.0.jar:/Users/abaca/.m2/repository/com/google/guava/guava/17.0/guava-17.0.jar:/Users/abaca/.m2/repository/org/apache/tika/tika-serialization/1.19.1/tika-serialization-1.19.1.jar:/Users/abaca/.m2/repository/org/apache/tika/tika-xmp/1.19.1/tika-xmp-1.19.1.jar:/Users/abaca/.m2/repository/com/adobe/xmp/xmpcore/5.1.3/xmpcore-5.1.3.jar:/Users/abaca/.m2/repository/org/apache/tika/tika-batch/1.19.1/tika-batch-1.19.1.jar:/Users/abaca/.m2/repository/org/slf4j/slf4j-log4j12/1.7.25/slf4j-log4j12-1.7.25.jar:/Users/abaca/.m2/repository/log4j/log4j/1.2.17/log4j-1.2.17.jar:/Users/abaca/.m2/repository/org/slf4j/jcl-over-slf4j/1.7.25/jcl-over-slf4j-1.7.25.jar:/Users/abaca/.m2/repository/org/slf4j/jul-to-slf4j/1.7.25/jul-to-slf4j-1.7.25.jar:/Users/abaca/.m2/repository/commons-io/commons-io/2.6/commons-io-2.6.jar:/Users/abaca/.m2/repository/org/xerial/sqlite-jdbc/3.8.9/sqlite-jdbc-3.8.9.jar:/Users/abaca/.m2/repository/commons-cli/commons-cli/1.4/commons-cli-1.4.jar:"/>
    <property name="sun.cpu.endian" value="little"/>
    <property name="user.home" value="/Users/abaca"/>
    <property name="user.language" value="en"/>
    <property name="java.specification.vendor" value="Oracle Corporation"/>
    <property name="java.home" value="/Library/Java/JavaVirtualMachines/jdk1.8.0_181.jdk/Contents/Home/jre"/>
    <property name="basedir" value="/Users/abaca/Documents/n300"/>
    <property name="file.separator" value="/"/>
    <property name="line.separator" value="&#10;"/>
    <property name="java.vm.specification.vendor" value="Oracle Corporation"/>
    <property name="java.specification.name" value="Java Platform API Specification"/>
    <property name="java.awt.graphicsenv" value="sun.awt.CGraphicsEnvironment"/>
    <property name="surefire.real.class.path" value="/Users/abaca/Documents/n300/target/surefire/surefirebooter5209529180063063126.jar"/>
    <property name="sun.boot.class.path" value="/Library/Java/JavaVirtualMachines/jdk1.8.0_181.jdk/Contents/Home/jre/lib/resources.jar:/Library/Java/JavaVirtualMachines/jdk1.8.0_181.jdk/Contents/Home/jre/lib/rt.jar:/Library/Java/JavaVirtualMachines/jdk1.8.0_181.jdk/Contents/Home/jre/lib/sunrsasign.jar:/Library/Java/JavaVirtualMachines/jdk1.8.0_181.jdk/Contents/Home/jre/lib/jsse.jar:/Library/Java/JavaVirtualMachines/jdk1.8.0_181.jdk/Contents/Home/jre/lib/jce.jar:/Library/Java/JavaVirtualMachines/jdk1.8.0_181.jdk/Contents/Home/jre/lib/charsets.jar:/Library/Java/JavaVirtualMachines/jdk1.8.0_181.jdk/Contents/Home/jre/lib/jfr.jar:/Library/Java/JavaVirtualMachines/jdk1.8.0_181.jdk/Contents/Home/jre/classes"/>
    <property name="sun.management.compiler" value="HotSpot 64-Bit Tiered Compilers"/>
    <property name="ftp.nonProxyHosts" value="local|*.local|169.254/16|*.169.254/16"/>
    <property name="java.runtime.version" value="1.8.0_181-b13"/>
    <property name="user.name" value="abaca"/>
    <property name="path.separator" value=":"/>
    <property name="os.version" value="10.14.2"/>
    <property name="java.endorsed.dirs" value="/Library/Java/JavaVirtualMachines/jdk1.8.0_181.jdk/Contents/Home/jre/lib/endorsed"/>
    <property name="java.runtime.name" value="Java(TM) SE Runtime Environment"/>
    <property name="file.encoding" value="UTF-8"/>
    <property name="java.vm.name" value="Java HotSpot(TM) 64-Bit Server VM"/>
    <property name="localRepository" value="/Users/abaca/.m2/repository"/>
    <property name="java.vendor.url.bug" value="http://bugreport.sun.com/bugreport/"/>
    <property name="java.io.tmpdir" value="/var/folders/rl/py38_d4s2h51l7nxz0lg0_c40000gn/T/"/>
    <property name="java.version" value="1.8.0_181"/>
    <property name="user.dir" value="/Users/abaca/Documents/n300"/>
    <property name="os.arch" value="x86_64"/>
    <property name="java.vm.specification.name" value="Java Virtual Machine Specification"/>
    <property name="java.awt.printerjob" value="sun.lwawt.macosx.CPrinterJob"/>
    <property name="sun.os.patch.level" value="unknown"/>
    <property name="java.library.path" value="/Users/abaca/Library/Java/Extensions:/Library/Java/Extensions:/Network/Library/Java/Extensions:/System/Library/Java/Extensions:/usr/lib/java:."/>
    <property name="java.vm.info" value="mixed mode"/>
    <property name="java.vendor" value="Oracle Corporation"/>
    <property name="java.vm.version" value="25.181-b13"/>
    <property name="java.ext.dirs" value="/Users/abaca/Library/Java/Extensions:/Library/Java/JavaVirtualMachines/jdk1.8.0_181.jdk/Contents/Home/jre/lib/ext:/Library/Java/Extensions:/Network/Library/Java/Extensions:/System/Library/Java/Extensions:/usr/lib/java"/>
    <property name="sun.io.unicode.encoding" value="UnicodeBig"/>
    <property name="java.class.version" value="52.0"/>
    <property name="socksNonProxyHosts" value="local|*.local|169.254/16|*.169.254/16"/>
  </properties>
  <testcase name="shouldAnswerWithTrue" classname="itri.n300.aml.AppTest" time="0.002"/>
</testsuite>